<?xml version="1.0" encoding="UTF-8"?>
<!-- Generated by org.testng.reporters.JUnitXMLReporter -->
<testsuite ignored="0" hostname="DESKTOP-BR99C0F" failures="0" tests="5" name="EmployeeList_Test" time="26.383" errors="0" timestamp="2023-09-26T18:43:54 IST">
  <testcase classname="com.OrangeHRMApplication.BaseTest" name="test" time="0.001"/>
  <testcase classname="com.OrangeHRMApplication.EmployeeListTest" name="loginTest" time="3.126"/>
  <testcase classname="com.OrangeHRMApplication.EmployeeListTest" name="pimTest" time="0.377"/>
  <testcase classname="com.OrangeHRMApplication.EmployeeListTest" name="employeeList" time="17.196"/>
  <testcase classname="com.OrangeHRMApplication.EmployeeListTest" name="logoutTest" time="1.556"/>
</testsuite> <!-- EmployeeList_Test -->
