<?xml version="1.0" encoding="UTF-8"?>
<!-- Generated by org.testng.reporters.JUnitXMLReporter -->
<testsuite ignored="0" hostname="DESKTOP-BR99C0F" failures="0" tests="6" name="OrangeHRMAddEmployee_Test" time="50.452" errors="0" timestamp="2023-09-26T18:43:28 IST">
  <testcase classname="com.OrangeHRMApplication.BaseTest" name="test" time="0.001"/>
  <testcase classname="com.OrangeHRMApplication.OrangeHRMApplication_AddEmployeeTest" name="loginTest" time="3.183"/>
  <testcase classname="com.OrangeHRMApplication.OrangeHRMApplication_AddEmployeeTest" name="validatingHomePageTest" time="0.389"/>
  <testcase classname="com.OrangeHRMApplication.OrangeHRMApplication_AddEmployeeTest" name="pimTest" time="0.361"/>
  <testcase classname="com.OrangeHRMApplication.OrangeHRMApplication_AddEmployeeTest" name="addEmployeeTest" time="40.628"/>
  <testcase classname="com.OrangeHRMApplication.OrangeHRMApplication_AddEmployeeTest" name="logOutTest" time="1.69"/>
</testsuite> <!-- OrangeHRMAddEmployee_Test -->
