<?xml version="1.0" encoding="UTF-8"?>
<testng-results ignored="0" total="1" passed="0" failed="1" skipped="0">
  <reporter-output>
  </reporter-output>
  <suite started-at="2023-09-27T06:06:09 IST" name="Default suite" finished-at="2023-09-27T06:06:33 IST" duration-ms="23941">
    <groups>
    </groups>
    <test started-at="2023-09-27T06:06:09 IST" name="Default test" finished-at="2023-09-27T06:06:33 IST" duration-ms="23941">
      <class name="com.HeaderLinksTsrtc.HeaderLinksTsrtc">
        <test-method is-config="true" signature="applicationLaunch_Test()[pri:0, instance:com.HeaderLinksTsrtc.HeaderLinksTsrtc@7133da86]" started-at="2023-09-27T06:06:09 IST" name="applicationLaunch_Test" finished-at="2023-09-27T06:06:14 IST" duration-ms="4408" status="PASS">
          <reporter-output>
          </reporter-output>
        </test-method> <!-- applicationLaunch_Test -->
        <test-method signature="headerLinks_Test()[pri:0, instance:com.HeaderLinksTsrtc.HeaderLinksTsrtc@7133da86]" started-at="2023-09-27T06:06:14 IST" name="headerLinks_Test" finished-at="2023-09-27T06:06:32 IST" duration-ms="18108" status="FAIL">
          <exception class="java.lang.IndexOutOfBoundsException">
            <message>
              <![CDATA[Index 8 out of bounds for length 8]]>
            </message>
            <full-stacktrace>
              <![CDATA[java.lang.IndexOutOfBoundsException: Index 8 out of bounds for length 8
at java.base/jdk.internal.util.Preconditions.outOfBounds(Preconditions.java:64)
at java.base/jdk.internal.util.Preconditions.outOfBoundsCheckIndex(Preconditions.java:70)
at java.base/jdk.internal.util.Preconditions.checkIndex(Preconditions.java:266)
at java.base/java.util.Objects.checkIndex(Objects.java:359)
at java.base/java.util.ArrayList.get(ArrayList.java:427)
at com.HeaderLinksTsrtc.HeaderLinksTsrtc.headerLinks_Test(HeaderLinksTsrtc.java:33)
at java.base/jdk.internal.reflect.NativeMethodAccessorImpl.invoke0(Native Method)
at java.base/jdk.internal.reflect.NativeMethodAccessorImpl.invoke(NativeMethodAccessorImpl.java:78)
at java.base/jdk.internal.reflect.DelegatingMethodAccessorImpl.invoke(DelegatingMethodAccessorImpl.java:43)
at java.base/java.lang.reflect.Method.invoke(Method.java:567)
at org.testng.internal.MethodInvocationHelper.invokeMethod(MethodInvocationHelper.java:133)
at org.testng.internal.TestInvoker.invokeMethod(TestInvoker.java:598)
at org.testng.internal.TestInvoker.invokeTestMethod(TestInvoker.java:173)
at org.testng.internal.MethodRunner.runInSequence(MethodRunner.java:46)
at org.testng.internal.TestInvoker$MethodInvocationAgent.invoke(TestInvoker.java:824)
at org.testng.internal.TestInvoker.invokeTestMethods(TestInvoker.java:146)
at org.testng.internal.TestMethodWorker.invokeTestMethods(TestMethodWorker.java:146)
at org.testng.internal.TestMethodWorker.run(TestMethodWorker.java:128)
at java.base/java.util.ArrayList.forEach(ArrayList.java:1511)
at org.testng.TestRunner.privateRun(TestRunner.java:794)
at org.testng.TestRunner.run(TestRunner.java:596)
at org.testng.SuiteRunner.runTest(SuiteRunner.java:377)
at org.testng.SuiteRunner.runSequentially(SuiteRunner.java:371)
at org.testng.SuiteRunner.privateRun(SuiteRunner.java:332)
at org.testng.SuiteRunner.run(SuiteRunner.java:276)
at org.testng.SuiteRunnerWorker.runSuite(SuiteRunnerWorker.java:53)
at org.testng.SuiteRunnerWorker.run(SuiteRunnerWorker.java:96)
at org.testng.TestNG.runSuitesSequentially(TestNG.java:1212)
at org.testng.TestNG.runSuitesLocally(TestNG.java:1134)
at org.testng.TestNG.runSuites(TestNG.java:1063)
at org.testng.TestNG.run(TestNG.java:1031)
at org.testng.remote.AbstractRemoteTestNG.run(AbstractRemoteTestNG.java:115)
at org.testng.remote.RemoteTestNG.initAndRun(RemoteTestNG.java:251)
at org.testng.remote.RemoteTestNG.main(RemoteTestNG.java:77)
]]>
            </full-stacktrace>
          </exception> <!-- java.lang.IndexOutOfBoundsException -->
          <reporter-output>
          </reporter-output>
        </test-method> <!-- headerLinks_Test -->
        <test-method is-config="true" signature="applicationCloseTest()[pri:0, instance:com.HeaderLinksTsrtc.HeaderLinksTsrtc@7133da86]" started-at="2023-09-27T06:06:32 IST" name="applicationCloseTest" finished-at="2023-09-27T06:06:33 IST" duration-ms="1341" status="PASS">
          <reporter-output>
          </reporter-output>
        </test-method> <!-- applicationCloseTest -->
      </class> <!-- com.HeaderLinksTsrtc.HeaderLinksTsrtc -->
    </test> <!-- Default test -->
  </suite> <!-- Default suite -->
</testng-results>
